# JRE version: Java(TM) SE Runtime Environment (8.0_111-b14) (build 1.8.0_111-b14)
# Java VM: Java HotSpot(TM) 64-Bit Server VM (25.111-b14 mixed mode windows-amd64 compressed oops)
Heap:
 PSYoungGen      total 70144K, used 39861K [0x00000000d6100000, 0x00000000dab00000, 0x0000000100000000)
  eden space 65024K, 53% used [0x00000000d6100000,0x00000000d82fa608,0x00000000da080000)
  from space 5120K, 98% used [0x00000000da080000,0x00000000da572fa8,0x00000000da580000)
  to   space 5120K, 0% used [0x00000000da600000,0x00000000da600000,0x00000000dab00000)
 ParOldGen       total 86016K, used 24K [0x0000000082200000, 0x0000000087600000, 0x00000000d6100000)
  object space 86016K, 0% used [0x0000000082200000,0x0000000082206000,0x0000000087600000)
 Metaspace       used 16579K, capacity 17160K, committed 17280K, reserved 1064960K
  class space    used 2032K, capacity 2172K, committed 2176K, reserved 1048576K
GC Heap History (6 events):
Event: 2.715 GC heap before
{Heap before GC invocations=1 (full 0):
 PSYoungGen      total 37888K, used 32768K [0x00000000d6100000, 0x00000000d8b00000, 0x0000000100000000)
  eden space 32768K, 100% used [0x00000000d6100000,0x00000000d8100000,0x00000000d8100000)
  from space 5120K, 0% used [0x00000000d8600000,0x00000000d8600000,0x00000000d8b00000)
  to   space 5120K, 0% used [0x00000000d8100000,0x00000000d8100000,0x00000000d8600000)
 ParOldGen       total 86016K, used 0K [0x0000000082200000, 0x0000000087600000, 0x00000000d6100000)
  object space 86016K, 0% used [0x0000000082200000,0x0000000082200000,0x0000000087600000)
 Metaspace       used 9080K, capacity 9308K, committed 9600K, reserved 1058816K
  class space    used 990K, capacity 1058K, committed 1152K, reserved 1048576K
Event: 2.751 GC heap after
Heap after GC invocations=1 (full 0):
 PSYoungGen      total 37888K, used 3697K [0x00000000d6100000, 0x00000000dab00000, 0x0000000100000000)
  eden space 32768K, 0% used [0x00000000d6100000,0x00000000d6100000,0x00000000d8100000)
  from space 5120K, 72% used [0x00000000d8100000,0x00000000d849c568,0x00000000d8600000)
  to   space 5120K, 0% used [0x00000000da600000,0x00000000da600000,0x00000000dab00000)
 ParOldGen       total 86016K, used 8K [0x0000000082200000, 0x0000000087600000, 0x00000000d6100000)
  object space 86016K, 0% used [0x0000000082200000,0x0000000082202000,0x0000000087600000)
 Metaspace       used 9080K, capacity 9308K, committed 9600K, reserved 1058816K
  class space    used 990K, capacity 1058K, committed 1152K, reserved 1048576K
}
Event: 4.523 GC heap before
{Heap before GC invocations=2 (full 0):
 PSYoungGen      total 37888K, used 36465K [0x00000000d6100000, 0x00000000dab00000, 0x0000000100000000)
  eden space 32768K, 100% used [0x00000000d6100000,0x00000000d8100000,0x00000000d8100000)
  from space 5120K, 72% used [0x00000000d8100000,0x00000000d849c568,0x00000000d8600000)
  to   space 5120K, 0% used [0x00000000da600000,0x00000000da600000,0x00000000dab00000)
 ParOldGen       total 86016K, used 8K [0x0000000082200000, 0x0000000087600000, 0x00000000d6100000)
  object space 86016K, 0% used [0x0000000082200000,0x0000000082202000,0x0000000087600000)
 Metaspace       used 11928K, capacity 12250K, committed 12544K, reserved 1060864K
  class space    used 1363K, capacity 1453K, committed 1536K, reserved 1048576K
Event: 4.535 GC heap after
Heap after GC invocations=2 (full 0):
 PSYoungGen      total 37376K, used 4543K [0x00000000d6100000, 0x00000000daa80000, 0x0000000100000000)
  eden space 32768K, 0% used [0x00000000d6100000,0x00000000d6100000,0x00000000d8100000)
  from space 4608K, 98% used [0x00000000da600000,0x00000000daa6fd28,0x00000000daa80000)
  to   space 5120K, 0% used [0x00000000da080000,0x00000000da080000,0x00000000da580000)
 ParOldGen       total 86016K, used 16K [0x0000000082200000, 0x0000000087600000, 0x00000000d6100000)
  object space 86016K, 0% used [0x0000000082200000,0x0000000082204000,0x0000000087600000)
 Metaspace       used 11928K, capacity 12250K, committed 12544K, reserved 1060864K
  class space    used 1363K, capacity 1453K, committed 1536K, reserved 1048576K
}
Event: 5.616 GC heap before
{Heap before GC invocations=3 (full 0):
 PSYoungGen      total 37376K, used 37311K [0x00000000d6100000, 0x00000000daa80000, 0x0000000100000000)
  eden space 32768K, 100% used [0x00000000d6100000,0x00000000d8100000,0x00000000d8100000)
  from space 4608K, 98% used [0x00000000da600000,0x00000000daa6fd28,0x00000000daa80000)
  to   space 5120K, 0% used [0x00000000da080000,0x00000000da080000,0x00000000da580000)
 ParOldGen       total 86016K, used 16K [0x0000000082200000, 0x0000000087600000, 0x00000000d6100000)
  object space 86016K, 0% used [0x0000000082200000,0x0000000082204000,0x0000000087600000)
 Metaspace       used 14488K, capacity 14946K, committed 15232K, reserved 1062912K
  class space    used 1742K, capacity 1869K, committed 1920K, reserved 1048576K
Event: 5.631 GC heap after
Heap after GC invocations=3 (full 0):
 PSYoungGen      total 70144K, used 5067K [0x00000000d6100000, 0x00000000dab00000, 0x0000000100000000)
  eden space 65024K, 0% used [0x00000000d6100000,0x00000000d6100000,0x00000000da080000)
  from space 5120K, 98% used [0x00000000da080000,0x00000000da572fa8,0x00000000da580000)
  to   space 5120K, 0% used [0x00000000da600000,0x00000000da600000,0x00000000dab00000)
 ParOldGen       total 86016K, used 24K [0x0000000082200000, 0x0000000087600000, 0x00000000d6100000)
  object space 86016K, 0% used [0x0000000082200000,0x0000000082206000,0x0000000087600000)
 Metaspace       used 14488K, capacity 14946K, committed 15232K, reserved 1062912K
  class space    used 1742K, capacity 1869K, committed 1920K, reserved 1048576K
}

